app/build/intermediates/manifest_merge_blame_file/debug/manifest-merger-blame-debug-report.txt
1<?xml version="1.0" encoding="utf-8"?>
2<manifest xmlns:android="http://schemas.android.com/apk/res/android"
3    package="com.touristguide.app"
4    android:versionCode="1"
5    android:versionName="1.0" >
6
7    <uses-sdk
8        android:minSdkVersion="24"
9        android:targetSdkVersion="34" />
10
11    <!-- Permissions -->
12    <uses-permission android:name="android.permission.INTERNET" />
12-->src\main\AndroidManifest.xml:6:5-67
12-->src\main\AndroidManifest.xml:6:22-64
13    <uses-permission android:name="android.permission.ACCESS_NETWORK_STATE" />
13-->src\main\AndroidManifest.xml:7:5-79
13-->src\main\AndroidManifest.xml:7:22-76
14    <uses-permission
14-->src\main\AndroidManifest.xml:8:5-9:38
15        android:name="android.permission.READ_EXTERNAL_STORAGE"
15-->src\main\AndroidManifest.xml:8:22-77
16        android:maxSdkVersion="32" />
16-->src\main\AndroidManifest.xml:9:9-35
17    <uses-permission android:name="android.permission.READ_MEDIA_IMAGES" />
17-->src\main\AndroidManifest.xml:10:5-76
17-->src\main\AndroidManifest.xml:10:22-73
18    <uses-permission android:name="android.permission.CAMERA" />
18-->src\main\AndroidManifest.xml:11:5-65
18-->src\main\AndroidManifest.xml:11:22-62
19
20    <queries>
20-->[com.github.dhaval2404:imagepicker:2.1] AndroidManifest.xml:9:5-19:15
21
22        <!-- Query Camera Packages -->
23        <intent>
23-->[com.github.dhaval2404:imagepicker:2.1] AndroidManifest.xml:12:9-14:18
24            <action android:name="android.media.action.IMAGE_CAPTURE" />
24-->[com.github.dhaval2404:imagepicker:2.1] AndroidManifest.xml:13:13-73
24-->[com.github.dhaval2404:imagepicker:2.1] AndroidManifest.xml:13:21-70
25        </intent>
26        <!-- Query Open Document -->
27        <intent>
27-->[com.github.dhaval2404:imagepicker:2.1] AndroidManifest.xml:16:9-18:18
28            <action android:name="android.intent.action.OPEN_DOCUMENT_TREE" />
28-->[com.github.dhaval2404:imagepicker:2.1] AndroidManifest.xml:17:13-79
28-->[com.github.dhaval2404:imagepicker:2.1] AndroidManifest.xml:17:21-76
29        </intent>
30    </queries>
31
32    <permission
32-->[androidx.core:core:1.12.0] AndroidManifest.xml:22:5-24:47
33        android:name="com.touristguide.app.DYNAMIC_RECEIVER_NOT_EXPORTED_PERMISSION"
33-->[androidx.core:core:1.12.0] AndroidManifest.xml:23:9-81
34        android:protectionLevel="signature" />
34-->[androidx.core:core:1.12.0] AndroidManifest.xml:24:9-44
35
36    <uses-permission android:name="com.touristguide.app.DYNAMIC_RECEIVER_NOT_EXPORTED_PERMISSION" />
36-->[androidx.core:core:1.12.0] AndroidManifest.xml:26:5-97
36-->[androidx.core:core:1.12.0] AndroidManifest.xml:26:22-94
37
38    <application
38-->src\main\AndroidManifest.xml:13:5-87:19
39        android:name="com.touristguide.app.TouristGuideApp"
39-->src\main\AndroidManifest.xml:14:9-40
40        android:allowBackup="true"
40-->src\main\AndroidManifest.xml:15:9-35
41        android:appComponentFactory="androidx.core.app.CoreComponentFactory"
41-->[androidx.core:core:1.12.0] AndroidManifest.xml:28:18-86
42        android:debuggable="true"
43        android:extractNativeLibs="false"
44        android:icon="@mipmap/ic_launcher"
44-->src\main\AndroidManifest.xml:16:9-43
45        android:label="@string/app_name"
45-->src\main\AndroidManifest.xml:17:9-41
46        android:roundIcon="@mipmap/ic_launcher_round"
46-->src\main\AndroidManifest.xml:18:9-54
47        android:supportsRtl="true"
47-->src\main\AndroidManifest.xml:19:9-35
48        android:testOnly="true"
49        android:theme="@style/Theme.TouristGuide"
49-->src\main\AndroidManifest.xml:20:9-50
50        android:usesCleartextTraffic="true" >
50-->src\main\AndroidManifest.xml:21:9-44
51
52        <!-- Splash Screen Activity -->
53        <activity
53-->src\main\AndroidManifest.xml:25:9-33:20
54            android:name="com.touristguide.app.ui.splash.SplashActivity"
54-->src\main\AndroidManifest.xml:26:13-53
55            android:exported="true"
55-->src\main\AndroidManifest.xml:27:13-36
56            android:theme="@style/Theme.TouristGuide.Splash" >
56-->src\main\AndroidManifest.xml:28:13-61
57            <intent-filter>
57-->src\main\AndroidManifest.xml:29:13-32:29
58                <action android:name="android.intent.action.MAIN" />
58-->src\main\AndroidManifest.xml:30:17-69
58-->src\main\AndroidManifest.xml:30:25-66
59
60                <category android:name="android.intent.category.LAUNCHER" />
60-->src\main\AndroidManifest.xml:31:17-77
60-->src\main\AndroidManifest.xml:31:27-74
61            </intent-filter>
62        </activity>
63
64        <!-- Auth Activity -->
65        <activity
65-->src\main\AndroidManifest.xml:36:9-39:58
66            android:name="com.touristguide.app.ui.auth.AuthActivity"
66-->src\main\AndroidManifest.xml:37:13-49
67            android:exported="false"
67-->src\main\AndroidManifest.xml:38:13-37
68            android:windowSoftInputMode="adjustResize" />
68-->src\main\AndroidManifest.xml:39:13-55
69
70        <!-- Main Activity -->
71        <activity
71-->src\main\AndroidManifest.xml:42:9-44:40
72            android:name="com.touristguide.app.ui.main.MainActivity"
72-->src\main\AndroidManifest.xml:43:13-49
73            android:exported="false" />
73-->src\main\AndroidManifest.xml:44:13-37
74
75        <!-- Place Details Activity -->
76        <activity
76-->src\main\AndroidManifest.xml:47:9-50:66
77            android:name="com.touristguide.app.ui.placedetails.PlaceDetailsActivity"
77-->src\main\AndroidManifest.xml:48:13-65
78            android:exported="false"
78-->src\main\AndroidManifest.xml:49:13-37
79            android:parentActivityName="com.touristguide.app.ui.main.MainActivity" />
79-->src\main\AndroidManifest.xml:50:13-63
80
81        <!-- Add Place Activity -->
82        <activity
82-->src\main\AndroidManifest.xml:53:9-57:58
83            android:name="com.touristguide.app.ui.addplace.AddPlaceActivity"
83-->src\main\AndroidManifest.xml:54:13-57
84            android:exported="false"
84-->src\main\AndroidManifest.xml:55:13-37
85            android:parentActivityName="com.touristguide.app.ui.main.MainActivity"
85-->src\main\AndroidManifest.xml:56:13-63
86            android:windowSoftInputMode="adjustResize" />
86-->src\main\AndroidManifest.xml:57:13-55
87
88        <!-- Liked Places Activity -->
89        <activity
89-->src\main\AndroidManifest.xml:60:9-63:66
90            android:name="com.touristguide.app.ui.liked.LikedPlacesActivity"
90-->src\main\AndroidManifest.xml:61:13-57
91            android:exported="false"
91-->src\main\AndroidManifest.xml:62:13-37
92            android:parentActivityName="com.touristguide.app.ui.main.MainActivity" />
92-->src\main\AndroidManifest.xml:63:13-63
93
94        <!-- Admin Panel Activity -->
95        <activity
95-->src\main\AndroidManifest.xml:66:9-69:66
96            android:name="com.touristguide.app.ui.admin.AdminPanelActivity"
96-->src\main\AndroidManifest.xml:67:13-56
97            android:exported="false"
97-->src\main\AndroidManifest.xml:68:13-37
98            android:parentActivityName="com.touristguide.app.ui.main.MainActivity" />
98-->src\main\AndroidManifest.xml:69:13-63
99
100        <!-- My Places Activity -->
101        <activity
101-->src\main\AndroidManifest.xml:72:9-75:66
102            android:name="com.touristguide.app.ui.myplaces.MyPlacesActivity"
102-->src\main\AndroidManifest.xml:73:13-57
103            android:exported="false"
103-->src\main\AndroidManifest.xml:74:13-37
104            android:parentActivityName="com.touristguide.app.ui.main.MainActivity" />
104-->src\main\AndroidManifest.xml:75:13-63
105
106        <!-- File Provider for Image Picker -->
107        <provider
108            android:name="androidx.core.content.FileProvider"
108-->src\main\AndroidManifest.xml:79:13-62
109            android:authorities="com.touristguide.app.provider"
109-->src\main\AndroidManifest.xml:80:13-60
110            android:exported="false"
110-->src\main\AndroidManifest.xml:81:13-37
111            android:grantUriPermissions="true" >
111-->src\main\AndroidManifest.xml:82:13-47
112            <meta-data
112-->src\main\AndroidManifest.xml:83:13-85:54
113                android:name="android.support.FILE_PROVIDER_PATHS"
113-->src\main\AndroidManifest.xml:84:17-67
114                android:resource="@xml/file_paths" />
114-->src\main\AndroidManifest.xml:85:17-51
115        </provider>
116
117        <activity
117-->[com.github.dhaval2404:imagepicker:2.1] AndroidManifest.xml:22:9-25:68
118            android:name="com.github.dhaval2404.imagepicker.ImagePickerActivity"
118-->[com.github.dhaval2404:imagepicker:2.1] AndroidManifest.xml:23:13-81
119            android:screenOrientation="unspecified"
119-->[com.github.dhaval2404:imagepicker:2.1] AndroidManifest.xml:24:13-52
120            android:theme="@style/Theme.Transparent.ImagePicker" />
120-->[com.github.dhaval2404:imagepicker:2.1] AndroidManifest.xml:25:13-65
121        <activity
121-->[com.github.dhaval2404:imagepicker:2.1] AndroidManifest.xml:26:9-29:72
122            android:name="com.yalantis.ucrop.UCropActivity"
122-->[com.github.dhaval2404:imagepicker:2.1] AndroidManifest.xml:27:13-60
123            android:screenOrientation="portrait"
123-->[com.github.dhaval2404:imagepicker:2.1] AndroidManifest.xml:28:13-49
124            android:theme="@style/Theme.AppCompat.Light.NoActionBar" />
124-->[com.github.dhaval2404:imagepicker:2.1] AndroidManifest.xml:29:13-69
125
126        <provider
126-->[com.github.dhaval2404:imagepicker:2.1] AndroidManifest.xml:31:9-39:20
127            android:name="com.github.dhaval2404.imagepicker.ImagePickerFileProvider"
127-->[com.github.dhaval2404:imagepicker:2.1] AndroidManifest.xml:32:13-85
128            android:authorities="com.touristguide.app.imagepicker.provider"
128-->[com.github.dhaval2404:imagepicker:2.1] AndroidManifest.xml:33:13-72
129            android:exported="false"
129-->[com.github.dhaval2404:imagepicker:2.1] AndroidManifest.xml:34:13-37
130            android:grantUriPermissions="true" >
130-->[com.github.dhaval2404:imagepicker:2.1] AndroidManifest.xml:35:13-47
131            <meta-data
131-->src\main\AndroidManifest.xml:83:13-85:54
132                android:name="android.support.FILE_PROVIDER_PATHS"
132-->src\main\AndroidManifest.xml:84:17-67
133                android:resource="@xml/image_picker_provider_paths" />
133-->src\main\AndroidManifest.xml:85:17-51
134        </provider>
135        <provider
135-->[androidx.emoji2:emoji2:1.2.0] AndroidManifest.xml:24:9-32:20
136            android:name="androidx.startup.InitializationProvider"
136-->[androidx.emoji2:emoji2:1.2.0] AndroidManifest.xml:25:13-67
137            android:authorities="com.touristguide.app.androidx-startup"
137-->[androidx.emoji2:emoji2:1.2.0] AndroidManifest.xml:26:13-68
138            android:exported="false" >
138-->[androidx.emoji2:emoji2:1.2.0] AndroidManifest.xml:27:13-37
139            <meta-data
139-->[androidx.emoji2:emoji2:1.2.0] AndroidManifest.xml:29:13-31:52
140                android:name="androidx.emoji2.text.EmojiCompatInitializer"
140-->[androidx.emoji2:emoji2:1.2.0] AndroidManifest.xml:30:17-75
141                android:value="androidx.startup" />
141-->[androidx.emoji2:emoji2:1.2.0] AndroidManifest.xml:31:17-49
142            <meta-data
142-->[androidx.lifecycle:lifecycle-process:2.6.2] AndroidManifest.xml:29:13-31:52
143                android:name="androidx.lifecycle.ProcessLifecycleInitializer"
143-->[androidx.lifecycle:lifecycle-process:2.6.2] AndroidManifest.xml:30:17-78
144                android:value="androidx.startup" />
144-->[androidx.lifecycle:lifecycle-process:2.6.2] AndroidManifest.xml:31:17-49
145            <meta-data
145-->[androidx.profileinstaller:profileinstaller:1.3.0] AndroidManifest.xml:29:13-31:52
146                android:name="androidx.profileinstaller.ProfileInstallerInitializer"
146-->[androidx.profileinstaller:profileinstaller:1.3.0] AndroidManifest.xml:30:17-85
147                android:value="androidx.startup" />
147-->[androidx.profileinstaller:profileinstaller:1.3.0] AndroidManifest.xml:31:17-49
148        </provider>
149
150        <uses-library
150-->[androidx.window:window:1.0.0] AndroidManifest.xml:25:9-27:40
151            android:name="androidx.window.extensions"
151-->[androidx.window:window:1.0.0] AndroidManifest.xml:26:13-54
152            android:required="false" />
152-->[androidx.window:window:1.0.0] AndroidManifest.xml:27:13-37
153        <uses-library
153-->[androidx.window:window:1.0.0] AndroidManifest.xml:28:9-30:40
154            android:name="androidx.window.sidecar"
154-->[androidx.window:window:1.0.0] AndroidManifest.xml:29:13-51
155            android:required="false" />
155-->[androidx.window:window:1.0.0] AndroidManifest.xml:30:13-37
156
157        <receiver
157-->[androidx.profileinstaller:profileinstaller:1.3.0] AndroidManifest.xml:34:9-52:20
158            android:name="androidx.profileinstaller.ProfileInstallReceiver"
158-->[androidx.profileinstaller:profileinstaller:1.3.0] AndroidManifest.xml:35:13-76
159            android:directBootAware="false"
159-->[androidx.profileinstaller:profileinstaller:1.3.0] AndroidManifest.xml:36:13-44
160            android:enabled="true"
160-->[androidx.profileinstaller:profileinstaller:1.3.0] AndroidManifest.xml:37:13-35
161            android:exported="true"
161-->[androidx.profileinstaller:profileinstaller:1.3.0] AndroidManifest.xml:38:13-36
162            android:permission="android.permission.DUMP" >
162-->[androidx.profileinstaller:profileinstaller:1.3.0] AndroidManifest.xml:39:13-57
163            <intent-filter>
163-->[androidx.profileinstaller:profileinstaller:1.3.0] AndroidManifest.xml:40:13-42:29
164                <action android:name="androidx.profileinstaller.action.INSTALL_PROFILE" />
164-->[androidx.profileinstaller:profileinstaller:1.3.0] AndroidManifest.xml:41:17-91
164-->[androidx.profileinstaller:profileinstaller:1.3.0] AndroidManifest.xml:41:25-88
165            </intent-filter>
166            <intent-filter>
166-->[androidx.profileinstaller:profileinstaller:1.3.0] AndroidManifest.xml:43:13-45:29
167                <action android:name="androidx.profileinstaller.action.SKIP_FILE" />
167-->[androidx.profileinstaller:profileinstaller:1.3.0] AndroidManifest.xml:44:17-85
167-->[androidx.profileinstaller:profileinstaller:1.3.0] AndroidManifest.xml:44:25-82
168            </intent-filter>
169            <intent-filter>
169-->[androidx.profileinstaller:profileinstaller:1.3.0] AndroidManifest.xml:46:13-48:29
170                <action android:name="androidx.profileinstaller.action.SAVE_PROFILE" />
170-->[androidx.profileinstaller:profileinstaller:1.3.0] AndroidManifest.xml:47:17-88
170-->[androidx.profileinstaller:profileinstaller:1.3.0] AndroidManifest.xml:47:25-85
171            </intent-filter>
172            <intent-filter>
172-->[androidx.profileinstaller:profileinstaller:1.3.0] AndroidManifest.xml:49:13-51:29
173                <action android:name="androidx.profileinstaller.action.BENCHMARK_OPERATION" />
173-->[androidx.profileinstaller:profileinstaller:1.3.0] AndroidManifest.xml:50:17-95
173-->[androidx.profileinstaller:profileinstaller:1.3.0] AndroidManifest.xml:50:25-92
174            </intent-filter>
175        </receiver>
176    </application>
177
178</manifest>